<?xml version="1.0" encoding="UTF-8"?>
<testng-results skipped="0" failed="0" ignored="0" total="1" passed="1">
  <reporter-output>
  </reporter-output>
  <suite name="Default suite" duration-ms="110206" started-at="2021-11-14T10:44:27Z" finished-at="2021-11-14T10:46:17Z">
    <groups>
    </groups>
    <test name="Default test" duration-ms="110206" started-at="2021-11-14T10:44:27Z" finished-at="2021-11-14T10:46:17Z">
      <class name="Bot">
        <test-method status="PASS" signature="setUp()[pri:0, instance:Bot@6e06451e]" name="setUp" is-config="true" duration-ms="4483" started-at="2021-11-14T10:44:22Z" finished-at="2021-11-14T10:44:27Z">
          <reporter-output>
          </reporter-output>
        </test-method> <!-- setUp -->
        <test-method status="PASS" signature="verifyHeaderContent()[pri:0, instance:Bot@6e06451e]" name="verifyHeaderContent" duration-ms="110142" started-at="2021-11-14T10:44:27Z" finished-at="2021-11-14T10:46:17Z">
          <reporter-output>
          </reporter-output>
        </test-method> <!-- verifyHeaderContent -->
      </class> <!-- Bot -->
    </test> <!-- Default test -->
  </suite> <!-- Default suite -->
</testng-results>
